20:07:56.568 karate.env system property was:  
20:07:57.103 request:
1 > POST https://petstore.swagger.io/v2/store/order
1 > Accept: application/json
1 > Accept-Encoding: gzip,deflate
1 > Connection: Keep-Alive
1 > Content-Length: 103
1 > Content-Type: application/json; charset=UTF-8
1 > Host: petstore.swagger.io
1 > User-Agent: Apache-HttpClient/4.5.12 (Java/1.8.0_251)
{"id":6,"petId":0,"quantity":3,"shipDate":"2020-11-12T16:39:33.456Z","status":"placed","complete":true}

20:07:58.471 response time in milliseconds: 1367.96
1 < 200
1 < Access-Control-Allow-Headers: Content-Type, api_key, Authorization
1 < Access-Control-Allow-Methods: GET, POST, DELETE, PUT
1 < Access-Control-Allow-Origin: *
1 < Connection: keep-alive
1 < Content-Type: application/json
1 < Date: Fri, 13 Nov 2020 14:37:58 GMT
1 < Server: Jetty(9.2.9.v20150224)
1 < Transfer-Encoding: chunked
{"id":6,"petId":0,"quantity":3,"shipDate":"2020-11-12T16:39:33.456+0000","status":"placed","complete":true}

20:07:58.480 request:
2 > GET https://petstore.swagger.io/v2/store/order/6
2 > Accept-Encoding: gzip,deflate
2 > Connection: Keep-Alive
2 > Host: petstore.swagger.io
2 > User-Agent: Apache-HttpClient/4.5.12 (Java/1.8.0_251)

20:08:00.724 response time in milliseconds: 2242.07
2 < 200
2 < Access-Control-Allow-Headers: Content-Type, api_key, Authorization
2 < Access-Control-Allow-Methods: GET, POST, DELETE, PUT
2 < Access-Control-Allow-Origin: *
2 < Connection: keep-alive
2 < Content-Type: application/json
2 < Date: Fri, 13 Nov 2020 14:38:01 GMT
2 < Server: Jetty(9.2.9.v20150224)
2 < Transfer-Encoding: chunked
{"id":6,"petId":0,"quantity":3,"shipDate":"2020-11-12T16:39:33.456+0000","status":"placed","complete":true}

20:08:00.730 request:
3 > DELETE https://petstore.swagger.io/v2/store/order/6
3 > Accept-Encoding: gzip,deflate
3 > Connection: Keep-Alive
3 > Host: petstore.swagger.io
3 > User-Agent: Apache-HttpClient/4.5.12 (Java/1.8.0_251)

20:08:03.567 response time in milliseconds: 2837.64
3 < 200
3 < Access-Control-Allow-Headers: Content-Type, api_key, Authorization
3 < Access-Control-Allow-Methods: GET, POST, DELETE, PUT
3 < Access-Control-Allow-Origin: *
3 < Connection: keep-alive
3 < Content-Type: application/json
3 < Date: Fri, 13 Nov 2020 14:38:03 GMT
3 < Server: Jetty(9.2.9.v20150224)
3 < Transfer-Encoding: chunked
{"code":200,"type":"unknown","message":"6"}

